----------------------------------------------------------------
Tue Dec 10 17:08:53 IST 2019:
Booting Derby version The Apache Software Foundation - Apache Derby - 10.14.2.0 - (1828579): instance a816c00e-016e-ef9a-d898-00000cf1b670 
on database directory memory:C:\Users\anugr\Documents\workspace-sts-3.9.9.RELEASE\Product\testdb with class loader sun.misc.Launcher$AppClassLoader@73d16e93 
Loaded from file:/C:/Users/anugr/.m2/repository/org/apache/derby/derby/10.14.2.0/derby-10.14.2.0.jar
java.vendor=Oracle Corporation
java.runtime.version=1.8.0_221-b11
user.dir=C:\Users\anugr\Documents\workspace-sts-3.9.9.RELEASE\Product
os.name=Windows 10
os.arch=amd64
os.version=10.0
derby.system.home=null
Database Class Loader started - derby.database.classpath=''
----------------------------------------------------------------
Tue Dec 10 17:17:32 IST 2019:
Shutting down instance a816c00e-016e-ef9a-d898-00000cf1b670 on database directory memory:C:\Users\anugr\Documents\workspace-sts-3.9.9.RELEASE\Product\testdb with class loader sun.misc.Launcher$AppClassLoader@73d16e93 
----------------------------------------------------------------
Tue Dec 10 17:17:34 IST 2019:
Booting Derby version The Apache Software Foundation - Apache Derby - 10.14.2.0 - (1828579): instance 921800c1-016e-ef9a-d898-00000cf1b670 
on database directory memory:C:\Users\anugr\Documents\workspace-sts-3.9.9.RELEASE\Product\testdb with class loader sun.misc.Launcher$AppClassLoader@73d16e93 
Loaded from file:/C:/Users/anugr/.m2/repository/org/apache/derby/derby/10.14.2.0/derby-10.14.2.0.jar
java.vendor=Oracle Corporation
java.runtime.version=1.8.0_221-b11
user.dir=C:\Users\anugr\Documents\workspace-sts-3.9.9.RELEASE\Product
os.name=Windows 10
os.arch=amd64
os.version=10.0
derby.system.home=null
Database Class Loader started - derby.database.classpath=''
